exiftool -DateTimeOriginal='1972-09-01 01:00:00' -overwrite_original  -City=Glendale -Province-State=AZ -Location="5047 W Belmont" -Keywords=Houghton -ObjectName="Paul Class Picture" -Caption-Abstract="1973 Melvin E Sign Scool Glendale Arizona
Paul Alexander Houghton (11)
top row 9th from left striped shirt" "1972-09-01 01 Paul Class Picture.jpg"
exiftool -DateTimeOriginal='1972-09-01 02:00:00' -overwrite_original  -City=Glendale -Province-State=AZ -Location="5047 W Belmont" -Keywords=Houghton -ObjectName="Paul Alexander Houghton" -Caption-Abstract="1973 Melvin E Sign School Picture
Glendale Arizona
Paul Alexander Houghton (11)" "1972-09-01 02 Paul Alexander Houghton.jpg"
exiftool -DateTimeOriginal='1972-09-01 03:00:00' -overwrite_original  -City=Glendale -Province-State=AZ -Location="5047 W Belmont" -Keywords=Houghton -ObjectName="scan0003" -Caption-Abstract="" "1972-09-01 03 scan0003.jpg"
exiftool -DateTimeOriginal='1973-01-01 01:00:00' -overwrite_original  -City=Glendale -Province-State=AZ -Location="5047 W Belmont" -Keywords=Houghton -ObjectName="Nancy & Carol" -Caption-Abstract="November 1972 Glendale Arizona
Nancy Kay Colquhoun (2)
Carol Lynn Colquhoun (4 months)" "1973-01-01 01 Nancy & Carol.jpg"
exiftool -DateTimeOriginal='1973-01-01 02:00:00' -overwrite_original  -City=Glendale -Province-State=AZ -Location="5047 W Belmont" -Keywords=Houghton -ObjectName="Nancy & Carol" -Caption-Abstract="November 1972 Glendale Arizona
Nancy Kay Colquhoun (2)
Carol Lynn Coluqhoun (4) Months" "1973-01-01 02 Nancy & Carol.jpg"
exiftool -DateTimeOriginal='1973-01-01 03:00:00' -overwrite_original  -City=Glendale -Province-State=AZ -Location="5047 W Belmont" -Keywords=Houghton -ObjectName="Nancy & Carol" -Caption-Abstract="" "1973-01-01 03 Nancy & Carol.jpg"
exiftool -DateTimeOriginal='1973-02-01 01:00:00' -overwrite_original  -City=Glendale -Province-State=AZ -Location="5047 W Belmont" -Keywords=Houghton -ObjectName="Chet Grover" -Caption-Abstract="1972 ? California
Chet Grover" "1973-02-01 01 Chet Grover.jpg"
exiftool -DateTimeOriginal='1973-02-01 02:00:00' -overwrite_original  -City=Glendale -Province-State=AZ -Location="5047 W Belmont" -Keywords=Houghton -ObjectName="Grand Grover" -Caption-Abstract="1972 California
Chet Grover
Grandmother Grover" "1973-02-01 02 Grand Grover.jpg"
exiftool -DateTimeOriginal='1973-02-01 03:00:00' -overwrite_original  -City=Glendale -Province-State=AZ -Location="5047 W Belmont" -Keywords=Houghton -ObjectName="Tutu Colquhoun" -Caption-Abstract="1973 ? California ?
Tutu Colquhoun (Scotty Colquhoun's mother)" "1973-02-01 03 Tutu Colquhoun.jpg"
exiftool -DateTimeOriginal='1973-02-01 04:00:00' -overwrite_original  -City=Glendale -Province-State=AZ -Location="5047 W Belmont" -Keywords=Houghton -ObjectName="Fawn & Carol" -Caption-Abstract="November 1972 Fullerton California
Fawn Reichard holding
Carol Lynn Colquhoun (4 months)" "1973-02-01 04 Fawn & Carol.jpg"
exiftool -DateTimeOriginal='1973-02-01 04:00:00' -overwrite_original  -City=Glendale -Province-State=AZ -Location="5047 W Belmont" -Keywords=Houghton -ObjectName="scan0272" -Caption-Abstract="" "1973-02-01 04 scan0272.jpg"
exiftool -DateTimeOriginal='1973-02-01 05:00:00' -overwrite_original  -City=Glendale -Province-State=AZ -Location="5047 W Belmont" -Keywords=Houghton -ObjectName="scan0278" -Caption-Abstract="" "1973-02-01 05 scan0278.jpg"
exiftool -DateTimeOriginal='1973-02-01 06:00:00' -overwrite_original  -City=Glendale -Province-State=AZ -Location="5047 W Belmont" -Keywords=Houghton -ObjectName="Scott Paul Nancy" -Caption-Abstract="1972 Fullerton California
Carol Reichard back yard
Scott Reichard
Paul Alexander Houghton (10)
Nancy Kay Colquhoun (2)" "1973-02-01 06 Scott Paul Nancy.jpg"
exiftool -DateTimeOriginal='1973-03-00 01:00:00' -overwrite_original  -City=Glendale -Province-State=AZ -Location="5047 W Belmont" -Keywords=Houghton -ObjectName="Carol Lynn Colquhoun" -Caption-Abstract="March 1973 home @ 5047 W Belmont
Glendale Arizona
Carol Lynn Colquhoun (8 m)" "1973-03-00 01 Carol Lynn Colquhoun.jpg"
exiftool -DateTimeOriginal='1973-03-01 01:00:00' -overwrite_original  -City=Glendale -Province-State=AZ -Location="5047 W Belmont" -Keywords=Houghton -ObjectName="Nancy" -Caption-Abstract="" "1973-03-01 01 Nancy.jpg"
exiftool -DateTimeOriginal='1973-03-01 02:70:00' -overwrite_original  -City=Glendale -Province-State=AZ -Location="5047 W Belmont" -Keywords=Houghton -ObjectName="scan" -Caption-Abstract="" "1973-03-01-scan0270.jpg"
exiftool -DateTimeOriginal='1973-04-01 01:00:00' -overwrite_original  -City=Glendale -Province-State=AZ -Location="5047 W Belmont" -Keywords=Houghton -ObjectName="Unkn paul Unkn Nancy" -Caption-Abstract="1972 ? Home @ 5047 W Belmont
Glendale Arizona
Unknown next door neighboor 
Paul Alexander Houghton (9)
Unknown next door neighboor 
Nancy Kay Colquhoun (1)" "1973-04-01 01 Unkn paul Unkn Nancy.jpg"
exiftool -DateTimeOriginal='1973-04-01 02:00:00' -overwrite_original  -City=Glendale -Province-State=AZ -Location="5047 W Belmont" -Keywords=Houghton -ObjectName="Joan & Leslie" -Caption-Abstract="" "1973-04-01 02 Joan & Leslie.jpg"
exiftool -DateTimeOriginal='1973-05-01 01:00:00' -overwrite_original  -City=Glendale -Province-State=AZ -Location="5047 W Belmont" -Keywords=Houghton -ObjectName="Leslie Paul Carol Nancy" -Caption-Abstract="December 1972 Glendale Arizona
Leslie Jane Grover (14)
Paul Alexander Houghton (10)
Carol Lynn Colquhoun (5 months)
Nancy Kay Colquhoun (2)" "1973-05-01 01 Leslie Paul Carol Nancy.jpg"
exiftool -DateTimeOriginal='1973-05-01 02:00:00' -overwrite_original  -City=Glendale -Province-State=AZ -Location="5047 W Belmont" -Keywords=Houghton -ObjectName="Leslie Paul Carol Nancy" -Caption-Abstract="December 1972 Glendale Arizona
Leslie Jane Grover (14)
Paul Alexander Houghton (10)
Carol Lynn Colquhoun (5 months)
Nancy Kay Colquhoun (2)" "1973-05-01 02 Leslie Paul Carol Nancy.jpg"
exiftool -DateTimeOriginal='1973-05-01 03:00:00' -overwrite_original  -City=Glendale -Province-State=AZ -Location="5047 W Belmont" -Keywords=Houghton -ObjectName="Nancy" -Caption-Abstract="" "1973-05-01 03 Nancy.jpg"
exiftool -DateTimeOriginal='1973-05-01 04:00:00' -overwrite_original  -City=Glendale -Province-State=AZ -Location="5047 W Belmont" -Keywords=Houghton -ObjectName="Nancy Back" -Caption-Abstract="" "1973-05-01 04 Nancy Back.jpg"
exiftool -DateTimeOriginal='1973-05-01 05:00:00' -overwrite_original  -City=Glendale -Province-State=AZ -Location="5047 W Belmont" -Keywords=Houghton -ObjectName="Nancy" -Caption-Abstract="" "1973-05-01 05 Nancy.jpg"
exiftool -DateTimeOriginal='1973-06-01 01:00:00' -overwrite_original  -City=Glendale -Province-State=AZ -Location="5047 W Belmont" -Keywords=Houghton -ObjectName="Paul 5th Grade Rpt Card" -Caption-Abstract="Juen 1973 Glendale Arizona
Paul Alexander Houghton (10)" "1973-06-01 01 Paul 5th Grade Rpt Card.jpg"
exiftool -DateTimeOriginal='1973-06-01 02:00:00' -overwrite_original  -City=Glendale -Province-State=AZ -Location="5047 W Belmont" -Keywords=Houghton -ObjectName="Paul 5th Grade Rpt Card" -Caption-Abstract="Juen 1973 Glendale Arizona
Paul Alexander Houghton (10)" "1973-06-01 02 Paul 5th Grade Rpt Card.jpg"
exiftool -DateTimeOriginal='1973-06-01 03:00:00' -overwrite_original  -City=Glendale -Province-State=AZ -Location="5047 W Belmont" -Keywords=Houghton -ObjectName="Paul 5th Grade Phys Rpt" -Caption-Abstract="June 1973 Glendale Arizona
Paul Alexander Houghton (10) phys ed rpt" "1973-06-01 03 Paul 5th Grade Phys Rpt.jpg"
exiftool -DateTimeOriginal='1973-07-01 01:00:00' -overwrite_original  -City=Glendale -Province-State=AZ -Location="5047 W Belmont" -Keywords=Houghton -ObjectName="Carol and Nancy" -Caption-Abstract="June 1973 Lake Pleasant Arizona
Carol Lynn Colquhoun (10 months)
Nancy Kay Colquhoun (3)" "1973-07-01 01 Carol and Nancy.jpg"
exiftool -DateTimeOriginal='1973-07-01 02:00:00' -overwrite_original  -City=Glendale -Province-State=AZ -Location="5047 W Belmont" -Keywords=Houghton -ObjectName="Jackie Paul Carol Nancy" -Caption-Abstract="June 1973 Lake Pleasant Arizona
Jackie
Paul Alexander Houghton (10)
Carol Lynn Colquhoun (10 months)
Nancy Kay Colquhoun (3)" "1973-07-01 02 Jackie Paul Carol Nancy.jpg"
exiftool -DateTimeOriginal='1973-08-01 01:00:00' -overwrite_original  -City=Glendale -Province-State=AZ -Location="5047 W Belmont" -Keywords=Houghton -ObjectName="Carol Lynn Colquhoun" -Caption-Abstract="1973 ? home @ 5047 W Belmont 
Glendale Arizona
Carol Lynn Colquhoun (1)" "1973-08-01 01 Carol Lynn Colquhoun.jpg"
exiftool -DateTimeOriginal='1973-08-01 02:00:00' -overwrite_original  -City=Glendale -Province-State=AZ -Location="5047 W Belmont" -Keywords=Houghton -ObjectName="Paul George Scotty" -Caption-Abstract="June 1973 Garage @ 5047 W Belmont
Glendale Arizona
Paul Alexander Houghton (10)
George Reichard
Joseph 'Scotty' Colquhoun
building a ladder for the boat" "1973-08-01 02 Paul George Scotty.jpg"
exiftool -DateTimeOriginal='1973-08-01 03:00:00' -overwrite_original  -City=Glendale -Province-State=AZ -Location="5047 W Belmont" -Keywords=Houghton -ObjectName="Boat" -Caption-Abstract="August 1973 Boat @ 5047 W Belmont
Glendale Arizona" "1973-08-01 03 Boat.jpg"
exiftool -DateTimeOriginal='1973-09-01 01:00:00' -overwrite_original  -City=Glendale -Province-State=AZ -Location="5047 W Belmont" -Keywords=Houghton -ObjectName="Paul Class Pic" -Caption-Abstract="1974 Melvin E Sine School
Glendale Arizona
Paul Alexander Houghton (11)
3rd row 3rd from left (under spot)" "1973-09-01 01 Paul Class Pic.jpg"
exiftool -DateTimeOriginal='1973-09-01 02:00:00' -overwrite_original  -City=Glendale -Province-State=AZ -Location="5047 W Belmont" -Keywords=Houghton -ObjectName="Paul School Pic" -Caption-Abstract="1974 Melvin E Sine School
Glendale Arizona
Paul Alexander Houghton (11)" "1973-09-01 02 Paul School Pic.jpg"
exiftool -DateTimeOriginal='1973-09-01 03:00:00' -overwrite_original  -City=Glendale -Province-State=AZ -Location="5047 W Belmont" -Keywords=Houghton -ObjectName="scan0004" -Caption-Abstract="" "1973-09-01 03 scan0004.jpg"
exiftool -DateTimeOriginal='1973-12-25 01:00:00' -overwrite_original  -City=Glendale -Province-State=AZ -Location="5047 W Belmont" -Keywords=Houghton -ObjectName="Carol and Paul" -Caption-Abstract="December 25, 1973
Christmas @ 5047 W Belmont
Glendale Arizona
Carol Lynn Colquhoun (1)
Paul Alexander Houghton (10)" "1973-12-25 01 Carol and Paul.jpg"
exiftool -DateTimeOriginal='1973-12-25 02:00:00' -overwrite_original  -City=Glendale -Province-State=AZ -Location="5047 W Belmont" -Keywords=Houghton -ObjectName="Paul Alexander Houghton" -Caption-Abstract="December 25, 1973 home @ 5047 W Belmont
Glendale Arizona
Paul Alexander Houghton (10)" "1973-12-25 02 Paul Alexander Houghton.jpg"
